TN:
SF:/Users/vivekramasamy/Documents/Java_script/React/react-example/app/screens/User/components/ProfileStat.js
FN:5,ProfileStat
FNF:1
FNH:1
FNDA:2,ProfileStat
DA:6,2
DA:14,1
LF:2
LH:2
BRF:0
BRH:0
end_of_record
TN:
SF:/Users/vivekramasamy/Documents/Java_script/React/react-example/app/screens/User/components/RepoFilter.js
FN:4,(anonymous_0)
FN:11,(anonymous_1)
FNF:2
FNH:2
FNDA:1,(anonymous_0)
FNDA:1,(anonymous_1)
DA:5,1
DA:11,1
DA:18,1
LF:3
LH:3
BRF:0
BRH:0
end_of_record
TN:
SF:/Users/vivekramasamy/Documents/Java_script/React/react-example/app/screens/User/components/RepoList.js
FN:6,(anonymous_0)
FN:11,(anonymous_1)
FN:13,(anonymous_2)
FN:18,(anonymous_3)
FN:22,(anonymous_4)
FN:40,renderRepos
FN:42,(anonymous_6)
FN:47,(anonymous_7)
FN:48,(anonymous_8)
FNF:9
FNH:9
FNDA:5,(anonymous_0)
FNDA:5,(anonymous_1)
FNDA:5,(anonymous_2)
FNDA:5,(anonymous_3)
FNDA:11,(anonymous_4)
FNDA:11,renderRepos
FNDA:47,(anonymous_6)
FNDA:129,(anonymous_7)
FNDA:37,(anonymous_8)
DA:7,5
DA:8,5
DA:12,5
DA:13,5
DA:14,5
DA:19,5
DA:23,11
DA:24,11
DA:25,11
DA:33,1
DA:38,1
DA:41,11
DA:43,47
DA:47,129
DA:48,37
LF:15
LH:15
BRDA:43,0,0,47
BRDA:43,0,1,12
BRDA:43,0,2,12
BRDA:43,0,3,10
BRDA:43,0,4,10
BRF:5
BRH:5
end_of_record
TN:
SF:/Users/vivekramasamy/Documents/Java_script/React/react-example/app/screens/User/components/RepoListItem.js
FN:6,RepoListItem
FNF:1
FNH:1
FNDA:38,RepoListItem
DA:7,38
DA:8,38
DA:22,1
DA:34,1
LF:4
LH:4
BRF:0
BRH:0
end_of_record
TN:
SF:/Users/vivekramasamy/Documents/Java_script/React/react-example/app/utils/github-api.js
FN:7,getRepos
FN:9,(anonymous_1)
FN:12,getUserData
FN:17,(anonymous_3)
FNF:4
FNH:4
FNDA:1,getRepos
FNDA:1,(anonymous_1)
FNDA:1,getUserData
FNDA:1,(anonymous_3)
DA:3,1
DA:8,1
DA:9,1
DA:13,1
DA:17,1
LF:5
LH:5
BRF:0
BRH:0
end_of_record
